[11-Apr-2022 21:21:08 Europe/Berlin] ***************************************************************************************
[11-Apr-2022 21:21:48 Europe/Berlin] ***************************************************************************************
[11-Apr-2022 21:22:11 Europe/Berlin] ***************************************************************************************
[11-Apr-2022 21:22:11 Europe/Berlin] PHP Warning:  Undefined variable $logo in C:\xampp\htdocs\vayacar\admin\controllers\marcaController.php on line 100
[11-Apr-2022 21:22:21 Europe/Berlin] ***************************************************************************************
[11-Apr-2022 21:22:21 Europe/Berlin] PHP Warning:  Undefined variable $logo in C:\xampp\htdocs\vayacar\admin\controllers\marcaController.php on line 100
[11-Apr-2022 21:22:36 Europe/Berlin] ***************************************************************************************
[11-Apr-2022 21:22:36 Europe/Berlin] PHP Warning:  Undefined variable $logo in C:\xampp\htdocs\vayacar\admin\controllers\marcaController.php on line 102
[11-Apr-2022 21:23:00 Europe/Berlin] ***************************************************************************************
[11-Apr-2022 21:23:00 Europe/Berlin] PHP Warning:  Undefined variable $logo in C:\xampp\htdocs\vayacar\admin\controllers\marcaController.php on line 104
[11-Apr-2022 21:23:11 Europe/Berlin] ***************************************************************************************
[11-Apr-2022 21:23:35 Europe/Berlin] ***************************************************************************************
[11-Apr-2022 21:23:35 Europe/Berlin] PHP Warning:  Undefined variable $logo in C:\xampp\htdocs\vayacar\admin\controllers\marcaController.php on line 107
[11-Apr-2022 21:23:48 Europe/Berlin] ***************************************************************************************
[11-Apr-2022 21:23:48 Europe/Berlin] PHP Warning:  Undefined variable $logo in C:\xampp\htdocs\vayacar\admin\controllers\marcaController.php on line 109
[11-Apr-2022 21:24:14 Europe/Berlin] ***************************************************************************************
[11-Apr-2022 21:24:34 Europe/Berlin] ***************************************************************************************
[11-Apr-2022 21:24:48 Europe/Berlin] ***************************************************************************************
[11-Apr-2022 21:24:48 Europe/Berlin] PHP Warning:  Undefined variable $logo in C:\xampp\htdocs\vayacar\admin\controllers\marcaController.php on line 104
[11-Apr-2022 21:25:06 Europe/Berlin] ***************************************************************************************
[11-Apr-2022 21:25:17 Europe/Berlin] ***************************************************************************************
[11-Apr-2022 21:26:09 Europe/Berlin] ***************************************************************************************
[11-Apr-2022 21:26:25 Europe/Berlin] ***************************************************************************************
[11-Apr-2022 21:26:59 Europe/Berlin] ***************************************************************************************
[11-Apr-2022 21:26:59 Europe/Berlin] PHP Warning:  Undefined variable $logo in C:\xampp\htdocs\vayacar\admin\controllers\marcaController.php on line 106
[11-Apr-2022 21:27:05 Europe/Berlin] ***************************************************************************************
[11-Apr-2022 21:27:08 Europe/Berlin] ***************************************************************************************
[11-Apr-2022 21:27:15 Europe/Berlin] ***************************************************************************************
[11-Apr-2022 21:27:15 Europe/Berlin] PHP Warning:  Undefined variable $logo in C:\xampp\htdocs\vayacar\admin\controllers\marcaController.php on line 106
[11-Apr-2022 21:28:38 Europe/Berlin] ***************************************************************************************
[11-Apr-2022 21:28:38 Europe/Berlin] PHP Warning:  Undefined variable $logo in C:\xampp\htdocs\vayacar\admin\controllers\marcaController.php on line 110
[11-Apr-2022 21:29:22 Europe/Berlin] ***************************************************************************************
[11-Apr-2022 21:29:22 Europe/Berlin] PHP Warning:  Undefined array key "image" in C:\xampp\htdocs\vayacar\admin\controllers\marcaController.php on line 51
[11-Apr-2022 21:29:35 Europe/Berlin] ***************************************************************************************
[11-Apr-2022 21:29:53 Europe/Berlin] ***************************************************************************************
[11-Apr-2022 21:29:53 Europe/Berlin] PHP Warning:  Undefined array key "image" in C:\xampp\htdocs\vayacar\admin\controllers\marcaController.php on line 62
[11-Apr-2022 21:29:53 Europe/Berlin] PHP Fatal error:  Uncaught ValueError: Path cannot be empty in C:\xampp\htdocs\vayacar\admin\controllers\marcaController.php:63
Stack trace:
#0 C:\xampp\htdocs\vayacar\admin\controllers\marcaController.php(63): file_get_contents('')
#1 C:\xampp\htdocs\vayacar\admin\controllers\marcaController.php(102): MarcaController->storeImage(Array)
#2 C:\xampp\htdocs\vayacar\admin\libs\app.php(111): MarcaController->create()
#3 C:\xampp\htdocs\vayacar\admin\index.php(20): App->__construct()
#4 {main}
  thrown in C:\xampp\htdocs\vayacar\admin\controllers\marcaController.php on line 63
[11-Apr-2022 21:31:54 Europe/Berlin] ***************************************************************************************
[11-Apr-2022 21:31:54 Europe/Berlin] PHP Warning:  Undefined variable $logo in C:\xampp\htdocs\vayacar\admin\controllers\marcaController.php on line 109
[11-Apr-2022 21:35:09 Europe/Berlin] ***************************************************************************************
[11-Apr-2022 21:35:09 Europe/Berlin] PHP Fatal error:  Uncaught TypeError: Cannot access offset of type string on string in C:\xampp\htdocs\vayacar\admin\controllers\marcaController.php:65
Stack trace:
#0 C:\xampp\htdocs\vayacar\admin\controllers\marcaController.php(123): MarcaController->storeImage(Array)
#1 C:\xampp\htdocs\vayacar\admin\libs\app.php(111): MarcaController->create()
#2 C:\xampp\htdocs\vayacar\admin\index.php(20): App->__construct()
#3 {main}
  thrown in C:\xampp\htdocs\vayacar\admin\controllers\marcaController.php on line 65
[11-Apr-2022 21:36:24 Europe/Berlin] ***************************************************************************************
[11-Apr-2022 21:36:24 Europe/Berlin] PHP Fatal error:  Uncaught TypeError: Cannot access offset of type string on string in C:\xampp\htdocs\vayacar\admin\controllers\marcaController.php:69
Stack trace:
#0 C:\xampp\htdocs\vayacar\admin\controllers\marcaController.php(127): MarcaController->storeImage(Array)
#1 C:\xampp\htdocs\vayacar\admin\libs\app.php(111): MarcaController->create()
#2 C:\xampp\htdocs\vayacar\admin\index.php(20): App->__construct()
#3 {main}
  thrown in C:\xampp\htdocs\vayacar\admin\controllers\marcaController.php on line 69
[11-Apr-2022 21:36:56 Europe/Berlin] ***************************************************************************************
[11-Apr-2022 21:36:56 Europe/Berlin] PHP Fatal error:  Uncaught TypeError: Cannot access offset of type string on string in C:\xampp\htdocs\vayacar\admin\controllers\marcaController.php:67
Stack trace:
#0 C:\xampp\htdocs\vayacar\admin\controllers\marcaController.php(130): MarcaController->storeImage(Array)
#1 C:\xampp\htdocs\vayacar\admin\libs\app.php(111): MarcaController->create()
#2 C:\xampp\htdocs\vayacar\admin\index.php(20): App->__construct()
#3 {main}
  thrown in C:\xampp\htdocs\vayacar\admin\controllers\marcaController.php on line 67
[11-Apr-2022 21:37:19 Europe/Berlin] ***************************************************************************************
[11-Apr-2022 21:37:19 Europe/Berlin] PHP Fatal error:  Uncaught TypeError: Cannot access offset of type string on string in C:\xampp\htdocs\vayacar\admin\controllers\marcaController.php:69
Stack trace:
#0 C:\xampp\htdocs\vayacar\admin\controllers\marcaController.php(132): MarcaController->storeImage(Array)
#1 C:\xampp\htdocs\vayacar\admin\libs\app.php(111): MarcaController->create()
#2 C:\xampp\htdocs\vayacar\admin\index.php(20): App->__construct()
#3 {main}
  thrown in C:\xampp\htdocs\vayacar\admin\controllers\marcaController.php on line 69
[11-Apr-2022 21:37:32 Europe/Berlin] ***************************************************************************************
[11-Apr-2022 21:37:32 Europe/Berlin] PHP Fatal error:  Uncaught TypeError: Cannot access offset of type string on string in C:\xampp\htdocs\vayacar\admin\controllers\marcaController.php:69
Stack trace:
#0 C:\xampp\htdocs\vayacar\admin\controllers\marcaController.php(132): MarcaController->storeImage(Array)
#1 C:\xampp\htdocs\vayacar\admin\libs\app.php(111): MarcaController->create()
#2 C:\xampp\htdocs\vayacar\admin\index.php(20): App->__construct()
#3 {main}
  thrown in C:\xampp\htdocs\vayacar\admin\controllers\marcaController.php on line 69
[11-Apr-2022 21:39:44 Europe/Berlin] ***************************************************************************************
[11-Apr-2022 21:39:44 Europe/Berlin] PHP Warning:  Undefined variable $image in C:\xampp\htdocs\vayacar\admin\controllers\marcaController.php on line 79
[11-Apr-2022 21:40:46 Europe/Berlin] ***************************************************************************************
[11-Apr-2022 21:40:46 Europe/Berlin] PHP Warning:  move_uploaded_file(https://vayacar.local.code/admin/views/public/uploads4b44432194cc6e950214850ae82bfdae.png): Failed to open stream: HTTP wrapper does not support writeable connections in C:\xampp\htdocs\vayacar\admin\controllers\marcaController.php on line 91
[11-Apr-2022 21:40:46 Europe/Berlin] PHP Warning:  Undefined variable $logo in C:\xampp\htdocs\vayacar\admin\controllers\marcaController.php on line 134
[11-Apr-2022 21:41:18 Europe/Berlin] ***************************************************************************************
[11-Apr-2022 21:41:18 Europe/Berlin] PHP Warning:  move_uploaded_file(https://vayacar.local.code/admin/views/public/uploads/8864c04e8e58fafaabf4ae6e4a3a7489.png): Failed to open stream: HTTP wrapper does not support writeable connections in C:\xampp\htdocs\vayacar\admin\controllers\marcaController.php on line 91
[11-Apr-2022 21:41:18 Europe/Berlin] PHP Warning:  Undefined variable $logo in C:\xampp\htdocs\vayacar\admin\controllers\marcaController.php on line 134
[11-Apr-2022 21:45:53 Europe/Berlin] ***************************************************************************************
[11-Apr-2022 21:45:53 Europe/Berlin] PHP Warning:  move_uploaded_file(https://vayacar.local.code/admin/views/public/uploads/4b644b6bb4a9944a9fed9c677dac05cf.png): Failed to open stream: HTTP wrapper does not support writeable connections in C:\xampp\htdocs\vayacar\admin\controllers\marcaController.php on line 95
[11-Apr-2022 21:45:53 Europe/Berlin] PHP Warning:  Undefined variable $logo in C:\xampp\htdocs\vayacar\admin\controllers\marcaController.php on line 138
[11-Apr-2022 21:47:07 Europe/Berlin] ***************************************************************************************
[11-Apr-2022 21:47:07 Europe/Berlin] PHP Warning:  move_uploaded_file(https://vayacar.local.code/admin/views/public/uploads/460d38e873ddb1d7a8e5f495597606c3.png): Failed to open stream: HTTP wrapper does not support writeable connections in C:\xampp\htdocs\vayacar\admin\controllers\marcaController.php on line 95
[11-Apr-2022 21:47:07 Europe/Berlin] PHP Warning:  Undefined variable $logo in C:\xampp\htdocs\vayacar\admin\controllers\marcaController.php on line 138
[11-Apr-2022 21:48:18 Europe/Berlin] ***************************************************************************************
[11-Apr-2022 21:48:18 Europe/Berlin] PHP Warning:  move_uploaded_file(C:/xampp/htdocs/vayacarhttps://vayacar.local.code/admin/views/public/uploads/dbdbe71153c39ef0e7a8b42e4938b256.png): Failed to open stream: No such file or directory in C:\xampp\htdocs\vayacar\admin\controllers\marcaController.php on line 97
[11-Apr-2022 21:48:18 Europe/Berlin] PHP Warning:  Undefined variable $logo in C:\xampp\htdocs\vayacar\admin\controllers\marcaController.php on line 140
[11-Apr-2022 21:48:56 Europe/Berlin] ***************************************************************************************
[11-Apr-2022 21:48:56 Europe/Berlin] PHP Warning:  Undefined variable $logo in C:\xampp\htdocs\vayacar\admin\controllers\marcaController.php on line 140
[11-Apr-2022 21:50:24 Europe/Berlin] ***************************************************************************************
[11-Apr-2022 21:50:24 Europe/Berlin] PHP Warning:  Undefined variable $target_file in C:\xampp\htdocs\vayacar\admin\controllers\marcaController.php on line 75
[11-Apr-2022 21:50:24 Europe/Berlin] PHP Warning:  move_uploaded_file(C:/xampp/htdocs/vayacaradmin/views/public/uploads/0319d8e937271e9fd135c47632d762fb.png): Failed to open stream: No such file or directory in C:\xampp\htdocs\vayacar\admin\controllers\marcaController.php on line 97
[11-Apr-2022 21:50:24 Europe/Berlin] PHP Warning:  Undefined variable $logo in C:\xampp\htdocs\vayacar\admin\controllers\marcaController.php on line 140
[11-Apr-2022 21:50:39 Europe/Berlin] ***************************************************************************************
[11-Apr-2022 21:50:39 Europe/Berlin] PHP Warning:  Undefined variable $target_file in C:\xampp\htdocs\vayacar\admin\controllers\marcaController.php on line 75
[11-Apr-2022 21:50:39 Europe/Berlin] PHP Warning:  Undefined variable $logo in C:\xampp\htdocs\vayacar\admin\controllers\marcaController.php on line 140
[11-Apr-2022 21:52:11 Europe/Berlin] ***************************************************************************************
[11-Apr-2022 21:52:11 Europe/Berlin] PHP Warning:  Undefined variable $logo in C:\xampp\htdocs\vayacar\admin\controllers\marcaController.php on line 141
[11-Apr-2022 21:54:21 Europe/Berlin] ***************************************************************************************
[11-Apr-2022 21:54:21 Europe/Berlin] PHP Warning:  Undefined variable $logo in C:\xampp\htdocs\vayacar\admin\controllers\marcaController.php on line 123
[11-Apr-2022 21:54:57 Europe/Berlin] ***************************************************************************************
[11-Apr-2022 21:54:57 Europe/Berlin] PHP Warning:  Undefined variable $logo in C:\xampp\htdocs\vayacar\admin\controllers\marcaController.php on line 126
[11-Apr-2022 21:57:21 Europe/Berlin] ***************************************************************************************
[11-Apr-2022 21:57:21 Europe/Berlin] PHP Warning:  Undefined variable $logo in C:\xampp\htdocs\vayacar\admin\controllers\marcaController.php on line 120
[11-Apr-2022 21:58:45 Europe/Berlin] ***************************************************************************************
[11-Apr-2022 21:59:07 Europe/Berlin] ***************************************************************************************
[11-Apr-2022 21:59:09 Europe/Berlin] ***************************************************************************************
[11-Apr-2022 21:59:17 Europe/Berlin] ***************************************************************************************
[11-Apr-2022 21:59:18 Europe/Berlin] ***************************************************************************************
[11-Apr-2022 21:59:53 Europe/Berlin] ***************************************************************************************
[11-Apr-2022 22:00:02 Europe/Berlin] ***************************************************************************************
[11-Apr-2022 22:00:04 Europe/Berlin] ***************************************************************************************
[11-Apr-2022 22:00:50 Europe/Berlin] ***************************************************************************************
[11-Apr-2022 22:01:02 Europe/Berlin] ***************************************************************************************
[11-Apr-2022 22:01:03 Europe/Berlin] ***************************************************************************************
[11-Apr-2022 22:01:05 Europe/Berlin] ***************************************************************************************
[11-Apr-2022 22:03:31 Europe/Berlin] ***************************************************************************************
[11-Apr-2022 22:03:34 Europe/Berlin] ***************************************************************************************
[11-Apr-2022 22:05:36 Europe/Berlin] ***************************************************************************************
[11-Apr-2022 22:05:36 Europe/Berlin] PHP Warning:  Undefined variable $target_dir in C:\xampp\htdocs\vayacar\admin\views\marca\edit.php on line 26
[11-Apr-2022 22:05:36 Europe/Berlin] ***************************************************************************************
[11-Apr-2022 22:05:36 Europe/Berlin] PHP Warning:  Undefined variable $target_dir in C:\xampp\htdocs\vayacar\admin\views\marca\edit.php on line 26
[11-Apr-2022 22:06:24 Europe/Berlin] ***************************************************************************************
[11-Apr-2022 22:06:37 Europe/Berlin] ***************************************************************************************
[11-Apr-2022 22:08:53 Europe/Berlin] ***************************************************************************************
[11-Apr-2022 22:09:45 Europe/Berlin] ***************************************************************************************
[11-Apr-2022 22:13:51 Europe/Berlin] ***************************************************************************************
[11-Apr-2022 22:13:56 Europe/Berlin] ***************************************************************************************
[11-Apr-2022 22:13:57 Europe/Berlin] PHP Warning:  Undefined array key "logo" in C:\xampp\htdocs\vayacar\admin\models\marcamodel.php on line 108
[11-Apr-2022 22:16:12 Europe/Berlin] ***************************************************************************************
[11-Apr-2022 22:16:16 Europe/Berlin] ***************************************************************************************
[11-Apr-2022 22:16:20 Europe/Berlin] ***************************************************************************************
[11-Apr-2022 22:16:23 Europe/Berlin] ***************************************************************************************
[11-Apr-2022 22:16:27 Europe/Berlin] ***************************************************************************************
[11-Apr-2022 22:16:28 Europe/Berlin] ***************************************************************************************
[11-Apr-2022 22:16:38 Europe/Berlin] ***************************************************************************************
[11-Apr-2022 22:16:40 Europe/Berlin] ***************************************************************************************
[11-Apr-2022 22:16:44 Europe/Berlin] ***************************************************************************************
[11-Apr-2022 22:16:49 Europe/Berlin] ***************************************************************************************
[11-Apr-2022 22:16:57 Europe/Berlin] ***************************************************************************************
[11-Apr-2022 22:17:00 Europe/Berlin] ***************************************************************************************
[11-Apr-2022 22:17:08 Europe/Berlin] ***************************************************************************************
[11-Apr-2022 22:17:11 Europe/Berlin] ***************************************************************************************
[11-Apr-2022 22:17:13 Europe/Berlin] ***************************************************************************************
[11-Apr-2022 22:17:45 Europe/Berlin] ***************************************************************************************
[11-Apr-2022 22:17:47 Europe/Berlin] ***************************************************************************************
[11-Apr-2022 22:17:50 Europe/Berlin] ***************************************************************************************
[11-Apr-2022 22:18:32 Europe/Berlin] ***************************************************************************************
[11-Apr-2022 22:18:54 Europe/Berlin] ***************************************************************************************
[11-Apr-2022 22:18:56 Europe/Berlin] ***************************************************************************************
[11-Apr-2022 22:19:02 Europe/Berlin] ***************************************************************************************
[11-Apr-2022 22:19:39 Europe/Berlin] ***************************************************************************************
[11-Apr-2022 22:19:41 Europe/Berlin] ***************************************************************************************
[11-Apr-2022 22:19:48 Europe/Berlin] ***************************************************************************************
[11-Apr-2022 22:20:41 Europe/Berlin] ***************************************************************************************
[11-Apr-2022 22:20:43 Europe/Berlin] ***************************************************************************************
[11-Apr-2022 22:20:46 Europe/Berlin] ***************************************************************************************
[11-Apr-2022 22:20:53 Europe/Berlin] ***************************************************************************************
[11-Apr-2022 22:20:57 Europe/Berlin] ***************************************************************************************
[11-Apr-2022 22:21:00 Europe/Berlin] ***************************************************************************************
[11-Apr-2022 22:21:30 Europe/Berlin] ***************************************************************************************
[11-Apr-2022 22:21:32 Europe/Berlin] ***************************************************************************************
[11-Apr-2022 22:21:35 Europe/Berlin] ***************************************************************************************
[11-Apr-2022 22:21:41 Europe/Berlin] ***************************************************************************************
[11-Apr-2022 22:21:43 Europe/Berlin] ***************************************************************************************
[11-Apr-2022 22:22:16 Europe/Berlin] ***************************************************************************************
[11-Apr-2022 22:22:21 Europe/Berlin] ***************************************************************************************
[11-Apr-2022 22:22:26 Europe/Berlin] ***************************************************************************************
[11-Apr-2022 22:22:28 Europe/Berlin] ***************************************************************************************
[11-Apr-2022 22:22:50 Europe/Berlin] ***************************************************************************************
[11-Apr-2022 22:22:54 Europe/Berlin] ***************************************************************************************
[11-Apr-2022 22:23:24 Europe/Berlin] ***************************************************************************************
[11-Apr-2022 22:23:26 Europe/Berlin] ***************************************************************************************
[11-Apr-2022 22:23:31 Europe/Berlin] ***************************************************************************************
[11-Apr-2022 22:23:55 Europe/Berlin] ***************************************************************************************
[11-Apr-2022 22:23:57 Europe/Berlin] ***************************************************************************************
[11-Apr-2022 22:24:01 Europe/Berlin] ***************************************************************************************
[11-Apr-2022 22:24:04 Europe/Berlin] ***************************************************************************************
[11-Apr-2022 22:24:06 Europe/Berlin] ***************************************************************************************
[11-Apr-2022 22:24:13 Europe/Berlin] ***************************************************************************************
[11-Apr-2022 22:24:17 Europe/Berlin] ***************************************************************************************
[11-Apr-2022 22:24:19 Europe/Berlin] ***************************************************************************************
[11-Apr-2022 22:24:48 Europe/Berlin] ***************************************************************************************
[11-Apr-2022 22:25:22 Europe/Berlin] ***************************************************************************************
[11-Apr-2022 22:25:25 Europe/Berlin] ***************************************************************************************
[11-Apr-2022 22:25:31 Europe/Berlin] ***************************************************************************************
[11-Apr-2022 22:26:04 Europe/Berlin] ***************************************************************************************
[11-Apr-2022 22:26:07 Europe/Berlin] ***************************************************************************************
[11-Apr-2022 22:26:13 Europe/Berlin] ***************************************************************************************
[11-Apr-2022 22:27:10 Europe/Berlin] ***************************************************************************************
[11-Apr-2022 22:27:12 Europe/Berlin] ***************************************************************************************
[11-Apr-2022 22:27:18 Europe/Berlin] ***************************************************************************************
[11-Apr-2022 22:27:20 Europe/Berlin] ***************************************************************************************
[11-Apr-2022 22:27:23 Europe/Berlin] ***************************************************************************************
[11-Apr-2022 22:27:34 Europe/Berlin] ***************************************************************************************
[11-Apr-2022 22:27:36 Europe/Berlin] ***************************************************************************************
[11-Apr-2022 22:27:39 Europe/Berlin] ***************************************************************************************
[11-Apr-2022 22:27:51 Europe/Berlin] ***************************************************************************************
[11-Apr-2022 22:27:53 Europe/Berlin] ***************************************************************************************
[11-Apr-2022 22:27:56 Europe/Berlin] ***************************************************************************************
[11-Apr-2022 22:28:04 Europe/Berlin] ***************************************************************************************
[11-Apr-2022 22:28:06 Europe/Berlin] ***************************************************************************************
[11-Apr-2022 22:28:08 Europe/Berlin] ***************************************************************************************
[11-Apr-2022 22:28:27 Europe/Berlin] ***************************************************************************************
[11-Apr-2022 22:29:21 Europe/Berlin] ***************************************************************************************
[11-Apr-2022 22:29:46 Europe/Berlin] ***************************************************************************************
[11-Apr-2022 22:29:46 Europe/Berlin] ***************************************************************************************
[11-Apr-2022 22:29:46 Europe/Berlin] ***************************************************************************************
[11-Apr-2022 22:29:46 Europe/Berlin] PHP Warning:  Undefined variable $archivoController in C:\xampp\htdocs\vayacar\admin\libs\app.php on line 84
[11-Apr-2022 22:29:46 Europe/Berlin] PHP Fatal error:  Cannot redeclare isActive() (previously declared in C:\xampp\htdocs\vayacar\admin\views\sidebar.php:20) in C:\xampp\htdocs\vayacar\admin\views\sidebar.php on line 20
[11-Apr-2022 22:29:46 Europe/Berlin] PHP Warning:  Undefined variable $archivoController in C:\xampp\htdocs\vayacar\admin\libs\app.php on line 84
[11-Apr-2022 22:29:46 Europe/Berlin] PHP Fatal error:  Cannot redeclare isActive() (previously declared in C:\xampp\htdocs\vayacar\admin\views\sidebar.php:20) in C:\xampp\htdocs\vayacar\admin\views\sidebar.php on line 20
[11-Apr-2022 22:29:47 Europe/Berlin] ***************************************************************************************
[11-Apr-2022 22:29:47 Europe/Berlin] ***************************************************************************************
[11-Apr-2022 22:29:47 Europe/Berlin] PHP Warning:  Undefined variable $archivoController in C:\xampp\htdocs\vayacar\admin\libs\app.php on line 84
[11-Apr-2022 22:29:47 Europe/Berlin] PHP Fatal error:  Cannot redeclare isActive() (previously declared in C:\xampp\htdocs\vayacar\admin\views\sidebar.php:20) in C:\xampp\htdocs\vayacar\admin\views\sidebar.php on line 20
[11-Apr-2022 22:29:47 Europe/Berlin] PHP Warning:  Undefined variable $archivoController in C:\xampp\htdocs\vayacar\admin\libs\app.php on line 84
[11-Apr-2022 22:29:47 Europe/Berlin] PHP Fatal error:  Cannot redeclare isActive() (previously declared in C:\xampp\htdocs\vayacar\admin\views\sidebar.php:20) in C:\xampp\htdocs\vayacar\admin\views\sidebar.php on line 20
[11-Apr-2022 22:30:01 Europe/Berlin] ***************************************************************************************
[11-Apr-2022 22:30:01 Europe/Berlin] ***************************************************************************************
[11-Apr-2022 22:30:01 Europe/Berlin] PHP Warning:  Undefined variable $archivoController in C:\xampp\htdocs\vayacar\admin\libs\app.php on line 84
[11-Apr-2022 22:30:01 Europe/Berlin] PHP Fatal error:  Cannot redeclare isActive() (previously declared in C:\xampp\htdocs\vayacar\admin\views\sidebar.php:20) in C:\xampp\htdocs\vayacar\admin\views\sidebar.php on line 20
[11-Apr-2022 22:30:01 Europe/Berlin] ***************************************************************************************
[11-Apr-2022 22:30:01 Europe/Berlin] PHP Warning:  Undefined variable $archivoController in C:\xampp\htdocs\vayacar\admin\libs\app.php on line 84
[11-Apr-2022 22:30:01 Europe/Berlin] PHP Fatal error:  Cannot redeclare isActive() (previously declared in C:\xampp\htdocs\vayacar\admin\views\sidebar.php:20) in C:\xampp\htdocs\vayacar\admin\views\sidebar.php on line 20
[11-Apr-2022 22:30:01 Europe/Berlin] ***************************************************************************************
[11-Apr-2022 22:30:01 Europe/Berlin] ***************************************************************************************
[11-Apr-2022 22:30:01 Europe/Berlin] PHP Warning:  Undefined variable $archivoController in C:\xampp\htdocs\vayacar\admin\libs\app.php on line 84
[11-Apr-2022 22:30:01 Europe/Berlin] PHP Fatal error:  Cannot redeclare isActive() (previously declared in C:\xampp\htdocs\vayacar\admin\views\sidebar.php:20) in C:\xampp\htdocs\vayacar\admin\views\sidebar.php on line 20
[11-Apr-2022 22:30:01 Europe/Berlin] PHP Warning:  Undefined variable $archivoController in C:\xampp\htdocs\vayacar\admin\libs\app.php on line 84
[11-Apr-2022 22:30:01 Europe/Berlin] PHP Fatal error:  Cannot redeclare isActive() (previously declared in C:\xampp\htdocs\vayacar\admin\views\sidebar.php:20) in C:\xampp\htdocs\vayacar\admin\views\sidebar.php on line 20
[11-Apr-2022 22:30:21 Europe/Berlin] ***************************************************************************************
[11-Apr-2022 22:30:23 Europe/Berlin] ***************************************************************************************
[11-Apr-2022 22:30:32 Europe/Berlin] ***************************************************************************************
[11-Apr-2022 22:30:33 Europe/Berlin] ***************************************************************************************
[11-Apr-2022 22:30:35 Europe/Berlin] ***************************************************************************************
[11-Apr-2022 22:30:44 Europe/Berlin] ***************************************************************************************
[11-Apr-2022 22:30:46 Europe/Berlin] ***************************************************************************************
[11-Apr-2022 22:30:48 Europe/Berlin] ***************************************************************************************
[11-Apr-2022 22:30:55 Europe/Berlin] ***************************************************************************************
[11-Apr-2022 22:30:56 Europe/Berlin] ***************************************************************************************
[11-Apr-2022 22:30:59 Europe/Berlin] ***************************************************************************************
[11-Apr-2022 22:31:16 Europe/Berlin] ***************************************************************************************
[11-Apr-2022 22:31:17 Europe/Berlin] ***************************************************************************************
